<?xml version="1.0" encoding="UTF-8"?>
<!-- Generated by org.testng.reporters.JUnitReportReporter -->
<testsuite hostname="LAPTOP-01G4TDA7" name="pom.CaseStudy2" tests="1" failures="0" timestamp="12 Apr 2022 09:54:36 GMT" time="5.523" errors="0">
  <testcase name="TestUser" time="5.523" classname="pom.CaseStudy2"/>
</testsuite> <!-- pom.CaseStudy2 -->
