<?xml version="1.0" encoding="UTF-8"?>
<!-- Generated by org.testng.reporters.JUnitReportReporter -->
<testsuite hostname="LAPTOP-01G4TDA7" name="pom.Casestudy3" tests="1" failures="0" timestamp="12 Apr 2022 09:37:58 GMT" time="6.773" errors="0">
  <testcase name="TestUser" time="6.773" classname="pom.Casestudy3"/>
</testsuite> <!-- pom.Casestudy3 -->
